  Application.cpp
  Main.cpp
  ModuleAudio.cpp
  ModuleAudio1.cpp
  ModuleFadeToBlack.cpp
  ModuleInput.cpp
  ModulePlayer.cpp
  ModuleRender.cpp
  ModuleSceneHonda.cpp
ModuleSceneHonda.cpp(70): warning C4553: '==': operator has no effect; did you intend '='?
  ModuleSceneInit.cpp
ModuleSceneInit.cpp(73): warning C4553: '==': operator has no effect; did you intend '='?
  ModuleSceneKen.cpp
ModuleSceneKen.cpp(76): warning C4553: '==': operator has no effect; did you intend '='?
  ModuleSceneScores.cpp
ModuleSceneScores.cpp(75): warning C4553: '==': operator has no effect; did you intend '='?
  ModuleTextures.cpp
  ModuleWindow.cpp
  Generating code
  15 of 113 functions (13.3%) were compiled, the rest were copied from previous compilation.
    0 functions were new in current compilation
    1 functions had inline decision re-evaluated but remain unchanged
  Finished generating code
  SDL Game.vcxproj -> C:\Users\marcgiu\Documents\GitHub\Project-Test\SDL5_Handout\Release\SDL5 Handout.exe
  SDL Game.vcxproj -> C:\Users\marcgiu\Documents\GitHub\Project-Test\SDL5_Handout\Release\SDL5 Handout.pdb (Full PDB)
